The system is: Linux - 4.4.0-31-generic - x86_64
Compiling the C compiler identification source file "CMakeCCompilerId.c" succeeded.
Compiler: /usr/bin/cc 
Build flags: 
Id flags: 

The output was:
0


Compilation of the C compiler identification source "CMakeCCompilerId.c" produced "a.out"

The C compiler identification is GNU, found in "/home/dnc/okvis/build/ceres/src/ceres_external-build/CMakeFiles/2.8.12.2/CompilerIdC/a.out"

Compiling the CXX compiler identification source file "CMakeCXXCompilerId.cpp" succeeded.
Compiler: /usr/bin/c++ 
Build flags: ;-march=native;-Wall;-std=c++11;-fPIC;-mssse3
Id flags: 

The output was:
0


Compilation of the CXX compiler identification source "CMakeCXXCompilerId.cpp" produced "a.out"

The CXX compiler identification is GNU, found in "/home/dnc/okvis/build/ceres/src/ceres_external-build/CMakeFiles/2.8.12.2/CompilerIdCXX/a.out"

Determining if the C compiler works passed with the following output:
Change Dir: /home/dnc/okvis/build/ceres/src/ceres_external-build/CMakeFiles/CMakeTmp

Run Build Command:/usr/bin/make "cmTryCompileExec1017887940/fast"
make[3]: 正在进入目录 `/home/dnc/okvis/build/ceres/src/ceres_external-build/CMakeFiles/CMakeTmp'
/usr/bin/make -f CMakeFiles/cmTryCompileExec1017887940.dir/build.make CMakeFiles/cmTryCompileExec1017887940.dir/build
make[4]: 正在进入目录 `/home/dnc/okvis/build/ceres/src/ceres_external-build/CMakeFiles/CMakeTmp'
/usr/bin/cmake -E cmake_progress_report /home/dnc/okvis/build/ceres/src/ceres_external-build/CMakeFiles/CMakeTmp/CMakeFiles 1
Building C object CMakeFiles/cmTryCompileExec1017887940.dir/testCCompiler.c.o
/usr/bin/cc    -o CMakeFiles/cmTryCompileExec1017887940.dir/testCCompiler.c.o   -c /home/dnc/okvis/build/ceres/src/ceres_external-build/CMakeFiles/CMakeTmp/testCCompiler.c
Linking C executable cmTryCompileExec1017887940
/usr/bin/cmake -E cmake_link_script CMakeFiles/cmTryCompileExec1017887940.dir/link.txt --verbose=1
/usr/bin/cc       CMakeFiles/cmTryCompileExec1017887940.dir/testCCompiler.c.o  -o cmTryCompileExec1017887940 -rdynamic 
make[4]:正在离开目录 `/home/dnc/okvis/build/ceres/src/ceres_external-build/CMakeFiles/CMakeTmp'
make[3]:正在离开目录 `/home/dnc/okvis/build/ceres/src/ceres_external-build/CMakeFiles/CMakeTmp'


Detecting C compiler ABI info compiled with the following output:
Change Dir: /home/dnc/okvis/build/ceres/src/ceres_external-build/CMakeFiles/CMakeTmp

Run Build Command:/usr/bin/make "cmTryCompileExec647071436/fast"
make[3]: 正在进入目录 `/home/dnc/okvis/build/ceres/src/ceres_external-build/CMakeFiles/CMakeTmp'
/usr/bin/make -f CMakeFiles/cmTryCompileExec647071436.dir/build.make CMakeFiles/cmTryCompileExec647071436.dir/build
make[4]: 正在进入目录 `/home/dnc/okvis/build/ceres/src/ceres_external-build/CMakeFiles/CMakeTmp'
/usr/bin/cmake -E cmake_progress_report /home/dnc/okvis/build/ceres/src/ceres_external-build/CMakeFiles/CMakeTmp/CMakeFiles 1
Building C object CMakeFiles/cmTryCompileExec647071436.dir/CMakeCCompilerABI.c.o
/usr/bin/cc    -o CMakeFiles/cmTryCompileExec647071436.dir/CMakeCCompilerABI.c.o   -c /usr/share/cmake-2.8/Modules/CMakeCCompilerABI.c
Linking C executable cmTryCompileExec647071436
/usr/bin/cmake -E cmake_link_script CMakeFiles/cmTryCompileExec647071436.dir/link.txt --verbose=1
/usr/bin/cc     -v CMakeFiles/cmTryCompileExec647071436.dir/CMakeCCompilerABI.c.o  -o cmTryCompileExec647071436 -rdynamic  
Using built-in specs.
COLLECT_GCC=/usr/bin/cc
COLLECT_LTO_WRAPPER=/usr/lib/gcc/x86_64-linux-gnu/4.8/lto-wrapper
Target: x86_64-linux-gnu
Configured with: ../src/configure -v --with-pkgversion='Ubuntu 4.8.4-2ubuntu1~14.04.3' --with-bugurl=file:///usr/share/doc/gcc-4.8/README.Bugs --enable-languages=c,c++,java,go,d,fortran,objc,obj-c++ --prefix=/usr --program-suffix=-4.8 --enable-shared --enable-linker-build-id --libexecdir=/usr/lib --without-included-gettext --enable-threads=posix --with-gxx-include-dir=/usr/include/c++/4.8 --libdir=/usr/lib --enable-nls --with-sysroot=/ --enable-clocale=gnu --enable-libstdcxx-debug --enable-libstdcxx-time=yes --enable-gnu-unique-object --disable-libmudflap --enable-plugin --with-system-zlib --disable-browser-plugin --enable-java-awt=gtk --enable-gtk-cairo --with-java-home=/usr/lib/jvm/java-1.5.0-gcj-4.8-amd64/jre --enable-java-home --with-jvm-root-dir=/usr/lib/jvm/java-1.5.0-gcj-4.8-amd64 --with-jvm-jar-dir=/usr/lib/jvm-exports/java-1.5.0-gcj-4.8-amd64 --with-arch-directory=amd64 --with-ecj-jar=/usr/share/java/eclipse-ecj.jar --enable-objc-gc --enable-multiarch --disable-werror --with-arch-32=i686 --with-abi=m64 --with-multilib-list=m32,m64,mx32 --with-tune=generic --enable-checking=release --build=x86_64-linux-gnu --host=x86_64-linux-gnu --target=x86_64-linux-gnu
Thread model: posix
gcc version 4.8.4 (Ubuntu 4.8.4-2ubuntu1~14.04.3) 
COMPILER_PATH=/usr/lib/gcc/x86_64-linux-gnu/4.8/:/usr/lib/gcc/x86_64-linux-gnu/4.8/:/usr/lib/gcc/x86_64-linux-gnu/:/usr/lib/gcc/x86_64-linux-gnu/4.8/:/usr/lib/gcc/x86_64-linux-gnu/
LIBRARY_PATH=/usr/lib/gcc/x86_64-linux-gnu/4.8/:/usr/lib/gcc/x86_64-linux-gnu/4.8/../../../x86_64-linux-gnu/:/usr/lib/gcc/x86_64-linux-gnu/4.8/../../../../lib/:/lib/x86_64-linux-gnu/:/lib/../lib/:/usr/lib/x86_64-linux-gnu/:/usr/lib/../lib/:/usr/lib/gcc/x86_64-linux-gnu/4.8/../../../:/lib/:/usr/lib/
COLLECT_GCC_OPTIONS='-v' '-o' 'cmTryCompileExec647071436' '-rdynamic' '-mtune=generic' '-march=x86-64'
 /usr/lib/gcc/x86_64-linux-gnu/4.8/collect2 --sysroot=/ --build-id --eh-frame-hdr -m elf_x86_64 --hash-style=gnu --as-needed -export-dynamic -dynamic-linker /lib64/ld-linux-x86-64.so.2 -z relro -o cmTryCompileExec647071436 /usr/lib/gcc/x86_64-linux-gnu/4.8/../../../x86_64-linux-gnu/crt1.o /usr/lib/gcc/x86_64-linux-gnu/4.8/../../../x86_64-linux-gnu/crti.o /usr/lib/gcc/x86_64-linux-gnu/4.8/crtbegin.o -L/usr/lib/gcc/x86_64-linux-gnu/4.8 -L/usr/lib/gcc/x86_64-linux-gnu/4.8/../../../x86_64-linux-gnu -L/usr/lib/gcc/x86_64-linux-gnu/4.8/../../../../lib -L/lib/x86_64-linux-gnu -L/lib/../lib -L/usr/lib/x86_64-linux-gnu -L/usr/lib/../lib -L/usr/lib/gcc/x86_64-linux-gnu/4.8/../../.. CMakeFiles/cmTryCompileExec647071436.dir/CMakeCCompilerABI.c.o -lgcc --as-needed -lgcc_s --no-as-needed -lc -lgcc --as-needed -lgcc_s --no-as-needed /usr/lib/gcc/x86_64-linux-gnu/4.8/crtend.o /usr/lib/gcc/x86_64-linux-gnu/4.8/../../../x86_64-linux-gnu/crtn.o
make[4]:正在离开目录 `/home/dnc/okvis/build/ceres/src/ceres_external-build/CMakeFiles/CMakeTmp'
make[3]:正在离开目录 `/home/dnc/okvis/build/ceres/src/ceres_external-build/CMakeFiles/CMakeTmp'


Parsed C implicit link information from above output:
  link line regex: [^( *|.*[/\])(ld|([^/\]+-)?ld|collect2)[^/\]*( |$)]
  ignore line: [Change Dir: /home/dnc/okvis/build/ceres/src/ceres_external-build/CMakeFiles/CMakeTmp]
  ignore line: []
  ignore line: [Run Build Command:/usr/bin/make "cmTryCompileExec647071436/fast"]
  ignore line: [make[3]: 正在进入目录 `/home/dnc/okvis/build/ceres/src/ceres_external-build/CMakeFiles/CMakeTmp']
  ignore line: [/usr/bin/make -f CMakeFiles/cmTryCompileExec647071436.dir/build.make CMakeFiles/cmTryCompileExec647071436.dir/build]
  ignore line: [make[4]: 正在进入目录 `/home/dnc/okvis/build/ceres/src/ceres_external-build/CMakeFiles/CMakeTmp']
  ignore line: [/usr/bin/cmake -E cmake_progress_report /home/dnc/okvis/build/ceres/src/ceres_external-build/CMakeFiles/CMakeTmp/CMakeFiles 1]
  ignore line: [Building C object CMakeFiles/cmTryCompileExec647071436.dir/CMakeCCompilerABI.c.o]
  ignore line: [/usr/bin/cc    -o CMakeFiles/cmTryCompileExec647071436.dir/CMakeCCompilerABI.c.o   -c /usr/share/cmake-2.8/Modules/CMakeCCompilerABI.c]
  ignore line: [Linking C executable cmTryCompileExec647071436]
  ignore line: [/usr/bin/cmake -E cmake_link_script CMakeFiles/cmTryCompileExec647071436.dir/link.txt --verbose=1]
  ignore line: [/usr/bin/cc     -v CMakeFiles/cmTryCompileExec647071436.dir/CMakeCCompilerABI.c.o  -o cmTryCompileExec647071436 -rdynamic  ]
  ignore line: [Using built-in specs.]
  ignore line: [COLLECT_GCC=/usr/bin/cc]
  ignore line: [COLLECT_LTO_WRAPPER=/usr/lib/gcc/x86_64-linux-gnu/4.8/lto-wrapper]
  ignore line: [Target: x86_64-linux-gnu]
  ignore line: [Configured with: ../src/configure -v --with-pkgversion='Ubuntu 4.8.4-2ubuntu1~14.04.3' --with-bugurl=file:///usr/share/doc/gcc-4.8/README.Bugs --enable-languages=c,c++,java,go,d,fortran,objc,obj-c++ --prefix=/usr --program-suffix=-4.8 --enable-shared --enable-linker-build-id --libexecdir=/usr/lib --without-included-gettext --enable-threads=posix --with-gxx-include-dir=/usr/include/c++/4.8 --libdir=/usr/lib --enable-nls --with-sysroot=/ --enable-clocale=gnu --enable-libstdcxx-debug --enable-libstdcxx-time=yes --enable-gnu-unique-object --disable-libmudflap --enable-plugin --with-system-zlib --disable-browser-plugin --enable-java-awt=gtk --enable-gtk-cairo --with-java-home=/usr/lib/jvm/java-1.5.0-gcj-4.8-amd64/jre --enable-java-home --with-jvm-root-dir=/usr/lib/jvm/java-1.5.0-gcj-4.8-amd64 --with-jvm-jar-dir=/usr/lib/jvm-exports/java-1.5.0-gcj-4.8-amd64 --with-arch-directory=amd64 --with-ecj-jar=/usr/share/java/eclipse-ecj.jar --enable-objc-gc --enable-multiarch --disable-werror --with-arch-32=i686 --with-abi=m64 --with-multilib-list=m32,m64,mx32 --with-tune=generic --enable-checking=release --build=x86_64-linux-gnu --host=x86_64-linux-gnu --target=x86_64-linux-gnu]
  ignore line: [Thread model: posix]
  ignore line: [gcc version 4.8.4 (Ubuntu 4.8.4-2ubuntu1~14.04.3) ]
  ignore line: [COMPILER_PATH=/usr/lib/gcc/x86_64-linux-gnu/4.8/:/usr/lib/gcc/x86_64-linux-gnu/4.8/:/usr/lib/gcc/x86_64-linux-gnu/:/usr/lib/gcc/x86_64-linux-gnu/4.8/:/usr/lib/gcc/x86_64-linux-gnu/]
  ignore line: [LIBRARY_PATH=/usr/lib/gcc/x86_64-linux-gnu/4.8/:/usr/lib/gcc/x86_64-linux-gnu/4.8/../../../x86_64-linux-gnu/:/usr/lib/gcc/x86_64-linux-gnu/4.8/../../../../lib/:/lib/x86_64-linux-gnu/:/lib/../lib/:/usr/lib/x86_64-linux-gnu/:/usr/lib/../lib/:/usr/lib/gcc/x86_64-linux-gnu/4.8/../../../:/lib/:/usr/lib/]
  ignore line: [COLLECT_GCC_OPTIONS='-v' '-o' 'cmTryCompileExec647071436' '-rdynamic' '-mtune=generic' '-march=x86-64']
  link line: [ /usr/lib/gcc/x86_64-linux-gnu/4.8/collect2 --sysroot=/ --build-id --eh-frame-hdr -m elf_x86_64 --hash-style=gnu --as-needed -export-dynamic -dynamic-linker /lib64/ld-linux-x86-64.so.2 -z relro -o cmTryCompileExec647071436 /usr/lib/gcc/x86_64-linux-gnu/4.8/../../../x86_64-linux-gnu/crt1.o /usr/lib/gcc/x86_64-linux-gnu/4.8/../../../x86_64-linux-gnu/crti.o /usr/lib/gcc/x86_64-linux-gnu/4.8/crtbegin.o -L/usr/lib/gcc/x86_64-linux-gnu/4.8 -L/usr/lib/gcc/x86_64-linux-gnu/4.8/../../../x86_64-linux-gnu -L/usr/lib/gcc/x86_64-linux-gnu/4.8/../../../../lib -L/lib/x86_64-linux-gnu -L/lib/../lib -L/usr/lib/x86_64-linux-gnu -L/usr/lib/../lib -L/usr/lib/gcc/x86_64-linux-gnu/4.8/../../.. CMakeFiles/cmTryCompileExec647071436.dir/CMakeCCompilerABI.c.o -lgcc --as-needed -lgcc_s --no-as-needed -lc -lgcc --as-needed -lgcc_s --no-as-needed /usr/lib/gcc/x86_64-linux-gnu/4.8/crtend.o /usr/lib/gcc/x86_64-linux-gnu/4.8/../../../x86_64-linux-gnu/crtn.o]
    arg [/usr/lib/gcc/x86_64-linux-gnu/4.8/collect2] ==> ignore
    arg [--sysroot=/] ==> ignore
    arg [--build-id] ==> ignore
    arg [--eh-frame-hdr] ==> ignore
    arg [-m] ==> ignore
    arg [elf_x86_64] ==> ignore
    arg [--hash-style=gnu] ==> ignore
    arg [--as-needed] ==> ignore
    arg [-export-dynamic] ==> ignore
    arg [-dynamic-linker] ==> ignore
    arg [/lib64/ld-linux-x86-64.so.2] ==> ignore
    arg [-zrelro] ==> ignore
    arg [-o] ==> ignore
    arg [cmTryCompileExec647071436] ==> ignore
    arg [/usr/lib/gcc/x86_64-linux-gnu/4.8/../../../x86_64-linux-gnu/crt1.o] ==> ignore
    arg [/usr/lib/gcc/x86_64-linux-gnu/4.8/../../../x86_64-linux-gnu/crti.o] ==> ignore
    arg [/usr/lib/gcc/x86_64-linux-gnu/4.8/crtbegin.o] ==> ignore
    arg [-L/usr/lib/gcc/x86_64-linux-gnu/4.8] ==> dir [/usr/lib/gcc/x86_64-linux-gnu/4.8]
    arg [-L/usr/lib/gcc/x86_64-linux-gnu/4.8/../../../x86_64-linux-gnu] ==> dir [/usr/lib/gcc/x86_64-linux-gnu/4.8/../../../x86_64-linux-gnu]
    arg [-L/usr/lib/gcc/x86_64-linux-gnu/4.8/../../../../lib] ==> dir [/usr/lib/gcc/x86_64-linux-gnu/4.8/../../../../lib]
    arg [-L/lib/x86_64-linux-gnu] ==> dir [/lib/x86_64-linux-gnu]
    arg [-L/lib/../lib] ==> dir [/lib/../lib]
    arg [-L/usr/lib/x86_64-linux-gnu] ==> dir [/usr/lib/x86_64-linux-gnu]
    arg [-L/usr/lib/../lib] ==> dir [/usr/lib/../lib]
    arg [-L/usr/lib/gcc/x86_64-linux-gnu/4.8/../../..] ==> dir [/usr/lib/gcc/x86_64-linux-gnu/4.8/../../..]
    arg [CMakeFiles/cmTryCompileExec647071436.dir/CMakeCCompilerABI.c.o] ==> ignore
    arg [-lgcc] ==> lib [gcc]
    arg [--as-needed] ==> ignore
    arg [-lgcc_s] ==> lib [gcc_s]
    arg [--no-as-needed] ==> ignore
    arg [-lc] ==> lib [c]
    arg [-lgcc] ==> lib [gcc]
    arg [--as-needed] ==> ignore
    arg [-lgcc_s] ==> lib [gcc_s]
    arg [--no-as-needed] ==> ignore
    arg [/usr/lib/gcc/x86_64-linux-gnu/4.8/crtend.o] ==> ignore
    arg [/usr/lib/gcc/x86_64-linux-gnu/4.8/../../../x86_64-linux-gnu/crtn.o] ==> ignore
  remove lib [gcc]
  remove lib [gcc_s]
  remove lib [gcc]
  remove lib [gcc_s]
  collapse library dir [/usr/lib/gcc/x86_64-linux-gnu/4.8] ==> [/usr/lib/gcc/x86_64-linux-gnu/4.8]
  collapse library dir [/usr/lib/gcc/x86_64-linux-gnu/4.8/../../../x86_64-linux-gnu] ==> [/usr/lib/x86_64-linux-gnu]
  collapse library dir [/usr/lib/gcc/x86_64-linux-gnu/4.8/../../../../lib] ==> [/usr/lib]
  collapse library dir [/lib/x86_64-linux-gnu] ==> [/lib/x86_64-linux-gnu]
  collapse library dir [/lib/../lib] ==> [/lib]
  collapse library dir [/usr/lib/x86_64-linux-gnu] ==> [/usr/lib/x86_64-linux-gnu]
  collapse library dir [/usr/lib/../lib] ==> [/usr/lib]
  collapse library dir [/usr/lib/gcc/x86_64-linux-gnu/4.8/../../..] ==> [/usr/lib]
  implicit libs: [c]
  implicit dirs: [/usr/lib/gcc/x86_64-linux-gnu/4.8;/usr/lib/x86_64-linux-gnu;/usr/lib;/lib/x86_64-linux-gnu;/lib]
  implicit fwks: []


Determining if the CXX compiler works passed with the following output:
Change Dir: /home/dnc/okvis/build/ceres/src/ceres_external-build/CMakeFiles/CMakeTmp

Run Build Command:/usr/bin/make "cmTryCompileExec2024249426/fast"
make[3]: 正在进入目录 `/home/dnc/okvis/build/ceres/src/ceres_external-build/CMakeFiles/CMakeTmp'
/usr/bin/make -f CMakeFiles/cmTryCompileExec2024249426.dir/build.make CMakeFiles/cmTryCompileExec2024249426.dir/build
make[4]: 正在进入目录 `/home/dnc/okvis/build/ceres/src/ceres_external-build/CMakeFiles/CMakeTmp'
/usr/bin/cmake -E cmake_progress_report /home/dnc/okvis/build/ceres/src/ceres_external-build/CMakeFiles/CMakeTmp/CMakeFiles 1
Building CXX object CMakeFiles/cmTryCompileExec2024249426.dir/testCXXCompiler.cxx.o
/usr/bin/c++    -march=native -Wall -std=c++11 -fPIC -mssse3    -o CMakeFiles/cmTryCompileExec2024249426.dir/testCXXCompiler.cxx.o -c /home/dnc/okvis/build/ceres/src/ceres_external-build/CMakeFiles/CMakeTmp/testCXXCompiler.cxx
Linking CXX executable cmTryCompileExec2024249426
/usr/bin/cmake -E cmake_link_script CMakeFiles/cmTryCompileExec2024249426.dir/link.txt --verbose=1
/usr/bin/c++    -march=native -Wall -std=c++11 -fPIC -mssse3     CMakeFiles/cmTryCompileExec2024249426.dir/testCXXCompiler.cxx.o  -o cmTryCompileExec2024249426 -rdynamic 
make[4]:正在离开目录 `/home/dnc/okvis/build/ceres/src/ceres_external-build/CMakeFiles/CMakeTmp'
make[3]:正在离开目录 `/home/dnc/okvis/build/ceres/src/ceres_external-build/CMakeFiles/CMakeTmp'


Detecting CXX compiler ABI info compiled with the following output:
Change Dir: /home/dnc/okvis/build/ceres/src/ceres_external-build/CMakeFiles/CMakeTmp

Run Build Command:/usr/bin/make "cmTryCompileExec3804307025/fast"
make[3]: 正在进入目录 `/home/dnc/okvis/build/ceres/src/ceres_external-build/CMakeFiles/CMakeTmp'
/usr/bin/make -f CMakeFiles/cmTryCompileExec3804307025.dir/build.make CMakeFiles/cmTryCompileExec3804307025.dir/build
make[4]: 正在进入目录 `/home/dnc/okvis/build/ceres/src/ceres_external-build/CMakeFiles/CMakeTmp'
/usr/bin/cmake -E cmake_progress_report /home/dnc/okvis/build/ceres/src/ceres_external-build/CMakeFiles/CMakeTmp/CMakeFiles 1
Building CXX object CMakeFiles/cmTryCompileExec3804307025.dir/CMakeCXXCompilerABI.cpp.o
/usr/bin/c++    -march=native -Wall -std=c++11 -fPIC -mssse3    -o CMakeFiles/cmTryCompileExec3804307025.dir/CMakeCXXCompilerABI.cpp.o -c /usr/share/cmake-2.8/Modules/CMakeCXXCompilerABI.cpp
Linking CXX executable cmTryCompileExec3804307025
/usr/bin/cmake -E cmake_link_script CMakeFiles/cmTryCompileExec3804307025.dir/link.txt --verbose=1
/usr/bin/c++    -march=native -Wall -std=c++11 -fPIC -mssse3   -v CMakeFiles/cmTryCompileExec3804307025.dir/CMakeCXXCompilerABI.cpp.o  -o cmTryCompileExec3804307025 -rdynamic  
Using built-in specs.
COLLECT_GCC=/usr/bin/c++
COLLECT_LTO_WRAPPER=/usr/lib/gcc/x86_64-linux-gnu/4.8/lto-wrapper
Target: x86_64-linux-gnu
Configured with: ../src/configure -v --with-pkgversion='Ubuntu 4.8.4-2ubuntu1~14.04.3' --with-bugurl=file:///usr/share/doc/gcc-4.8/README.Bugs --enable-languages=c,c++,java,go,d,fortran,objc,obj-c++ --prefix=/usr --program-suffix=-4.8 --enable-shared --enable-linker-build-id --libexecdir=/usr/lib --without-included-gettext --enable-threads=posix --with-gxx-include-dir=/usr/include/c++/4.8 --libdir=/usr/lib --enable-nls --with-sysroot=/ --enable-clocale=gnu --enable-libstdcxx-debug --enable-libstdcxx-time=yes --enable-gnu-unique-object --disable-libmudflap --enable-plugin --with-system-zlib --disable-browser-plugin --enable-java-awt=gtk --enable-gtk-cairo --with-java-home=/usr/lib/jvm/java-1.5.0-gcj-4.8-amd64/jre --enable-java-home --with-jvm-root-dir=/usr/lib/jvm/java-1.5.0-gcj-4.8-amd64 --with-jvm-jar-dir=/usr/lib/jvm-exports/java-1.5.0-gcj-4.8-amd64 --with-arch-directory=amd64 --with-ecj-jar=/usr/share/java/eclipse-ecj.jar --enable-objc-gc --enable-multiarch --disable-werror --with-arch-32=i686 --with-abi=m64 --with-multilib-list=m32,m64,mx32 --with-tune=generic --enable-checking=release --build=x86_64-linux-gnu --host=x86_64-linux-gnu --target=x86_64-linux-gnu
Thread model: posix
gcc version 4.8.4 (Ubuntu 4.8.4-2ubuntu1~14.04.3) 
COMPILER_PATH=/usr/lib/gcc/x86_64-linux-gnu/4.8/:/usr/lib/gcc/x86_64-linux-gnu/4.8/:/usr/lib/gcc/x86_64-linux-gnu/:/usr/lib/gcc/x86_64-linux-gnu/4.8/:/usr/lib/gcc/x86_64-linux-gnu/
LIBRARY_PATH=/usr/lib/gcc/x86_64-linux-gnu/4.8/:/usr/lib/gcc/x86_64-linux-gnu/4.8/../../../x86_64-linux-gnu/:/usr/lib/gcc/x86_64-linux-gnu/4.8/../../../../lib/:/lib/x86_64-linux-gnu/:/lib/../lib/:/usr/lib/x86_64-linux-gnu/:/usr/lib/../lib/:/usr/lib/gcc/x86_64-linux-gnu/4.8/../../../:/lib/:/usr/lib/
COLLECT_GCC_OPTIONS='-march=native' '-Wall' '-std=c++11' '-fPIC' '-mssse3' '-v' '-o' 'cmTryCompileExec3804307025' '-rdynamic' '-shared-libgcc'
 /usr/lib/gcc/x86_64-linux-gnu/4.8/collect2 --sysroot=/ --build-id --eh-frame-hdr -m elf_x86_64 --hash-style=gnu --as-needed -export-dynamic -dynamic-linker /lib64/ld-linux-x86-64.so.2 -z relro -o cmTryCompileExec3804307025 /usr/lib/gcc/x86_64-linux-gnu/4.8/../../../x86_64-linux-gnu/crt1.o /usr/lib/gcc/x86_64-linux-gnu/4.8/../../../x86_64-linux-gnu/crti.o /usr/lib/gcc/x86_64-linux-gnu/4.8/crtbegin.o -L/usr/lib/gcc/x86_64-linux-gnu/4.8 -L/usr/lib/gcc/x86_64-linux-gnu/4.8/../../../x86_64-linux-gnu -L/usr/lib/gcc/x86_64-linux-gnu/4.8/../../../../lib -L/lib/x86_64-linux-gnu -L/lib/../lib -L/usr/lib/x86_64-linux-gnu -L/usr/lib/../lib -L/usr/lib/gcc/x86_64-linux-gnu/4.8/../../.. CMakeFiles/cmTryCompileExec3804307025.dir/CMakeCXXCompilerABI.cpp.o -lstdc++ -lm -lgcc_s -lgcc -lc -lgcc_s -lgcc /usr/lib/gcc/x86_64-linux-gnu/4.8/crtend.o /usr/lib/gcc/x86_64-linux-gnu/4.8/../../../x86_64-linux-gnu/crtn.o
make[4]:正在离开目录 `/home/dnc/okvis/build/ceres/src/ceres_external-build/CMakeFiles/CMakeTmp'
make[3]:正在离开目录 `/home/dnc/okvis/build/ceres/src/ceres_external-build/CMakeFiles/CMakeTmp'


Parsed CXX implicit link information from above output:
  link line regex: [^( *|.*[/\])(ld|([^/\]+-)?ld|collect2)[^/\]*( |$)]
  ignore line: [Change Dir: /home/dnc/okvis/build/ceres/src/ceres_external-build/CMakeFiles/CMakeTmp]
  ignore line: []
  ignore line: [Run Build Command:/usr/bin/make "cmTryCompileExec3804307025/fast"]
  ignore line: [make[3]: 正在进入目录 `/home/dnc/okvis/build/ceres/src/ceres_external-build/CMakeFiles/CMakeTmp']
  ignore line: [/usr/bin/make -f CMakeFiles/cmTryCompileExec3804307025.dir/build.make CMakeFiles/cmTryCompileExec3804307025.dir/build]
  ignore line: [make[4]: 正在进入目录 `/home/dnc/okvis/build/ceres/src/ceres_external-build/CMakeFiles/CMakeTmp']
  ignore line: [/usr/bin/cmake -E cmake_progress_report /home/dnc/okvis/build/ceres/src/ceres_external-build/CMakeFiles/CMakeTmp/CMakeFiles 1]
  ignore line: [Building CXX object CMakeFiles/cmTryCompileExec3804307025.dir/CMakeCXXCompilerABI.cpp.o]
  ignore line: [/usr/bin/c++    -march=native -Wall -std=c++11 -fPIC -mssse3    -o CMakeFiles/cmTryCompileExec3804307025.dir/CMakeCXXCompilerABI.cpp.o -c /usr/share/cmake-2.8/Modules/CMakeCXXCompilerABI.cpp]
  ignore line: [Linking CXX executable cmTryCompileExec3804307025]
  ignore line: [/usr/bin/cmake -E cmake_link_script CMakeFiles/cmTryCompileExec3804307025.dir/link.txt --verbose=1]
  ignore line: [/usr/bin/c++    -march=native -Wall -std=c++11 -fPIC -mssse3   -v CMakeFiles/cmTryCompileExec3804307025.dir/CMakeCXXCompilerABI.cpp.o  -o cmTryCompileExec3804307025 -rdynamic  ]
  ignore line: [Using built-in specs.]
  ignore line: [COLLECT_GCC=/usr/bin/c++]
  ignore line: [COLLECT_LTO_WRAPPER=/usr/lib/gcc/x86_64-linux-gnu/4.8/lto-wrapper]
  ignore line: [Target: x86_64-linux-gnu]
  ignore line: [Configured with: ../src/configure -v --with-pkgversion='Ubuntu 4.8.4-2ubuntu1~14.04.3' --with-bugurl=file:///usr/share/doc/gcc-4.8/README.Bugs --enable-languages=c,c++,java,go,d,fortran,objc,obj-c++ --prefix=/usr --program-suffix=-4.8 --enable-shared --enable-linker-build-id --libexecdir=/usr/lib --without-included-gettext --enable-threads=posix --with-gxx-include-dir=/usr/include/c++/4.8 --libdir=/usr/lib --enable-nls --with-sysroot=/ --enable-clocale=gnu --enable-libstdcxx-debug --enable-libstdcxx-time=yes --enable-gnu-unique-object --disable-libmudflap --enable-plugin --with-system-zlib --disable-browser-plugin --enable-java-awt=gtk --enable-gtk-cairo --with-java-home=/usr/lib/jvm/java-1.5.0-gcj-4.8-amd64/jre --enable-java-home --with-jvm-root-dir=/usr/lib/jvm/java-1.5.0-gcj-4.8-amd64 --with-jvm-jar-dir=/usr/lib/jvm-exports/java-1.5.0-gcj-4.8-amd64 --with-arch-directory=amd64 --with-ecj-jar=/usr/share/java/eclipse-ecj.jar --enable-objc-gc --enable-multiarch --disable-werror --with-arch-32=i686 --with-abi=m64 --with-multilib-list=m32,m64,mx32 --with-tune=generic --enable-checking=release --build=x86_64-linux-gnu --host=x86_64-linux-gnu --target=x86_64-linux-gnu]
  ignore line: [Thread model: posix]
  ignore line: [gcc version 4.8.4 (Ubuntu 4.8.4-2ubuntu1~14.04.3) ]
  ignore line: [COMPILER_PATH=/usr/lib/gcc/x86_64-linux-gnu/4.8/:/usr/lib/gcc/x86_64-linux-gnu/4.8/:/usr/lib/gcc/x86_64-linux-gnu/:/usr/lib/gcc/x86_64-linux-gnu/4.8/:/usr/lib/gcc/x86_64-linux-gnu/]
  ignore line: [LIBRARY_PATH=/usr/lib/gcc/x86_64-linux-gnu/4.8/:/usr/lib/gcc/x86_64-linux-gnu/4.8/../../../x86_64-linux-gnu/:/usr/lib/gcc/x86_64-linux-gnu/4.8/../../../../lib/:/lib/x86_64-linux-gnu/:/lib/../lib/:/usr/lib/x86_64-linux-gnu/:/usr/lib/../lib/:/usr/lib/gcc/x86_64-linux-gnu/4.8/../../../:/lib/:/usr/lib/]
  ignore line: [COLLECT_GCC_OPTIONS='-march=native' '-Wall' '-std=c++11' '-fPIC' '-mssse3' '-v' '-o' 'cmTryCompileExec3804307025' '-rdynamic' '-shared-libgcc']
  link line: [ /usr/lib/gcc/x86_64-linux-gnu/4.8/collect2 --sysroot=/ --build-id --eh-frame-hdr -m elf_x86_64 --hash-style=gnu --as-needed -export-dynamic -dynamic-linker /lib64/ld-linux-x86-64.so.2 -z relro -o cmTryCompileExec3804307025 /usr/lib/gcc/x86_64-linux-gnu/4.8/../../../x86_64-linux-gnu/crt1.o /usr/lib/gcc/x86_64-linux-gnu/4.8/../../../x86_64-linux-gnu/crti.o /usr/lib/gcc/x86_64-linux-gnu/4.8/crtbegin.o -L/usr/lib/gcc/x86_64-linux-gnu/4.8 -L/usr/lib/gcc/x86_64-linux-gnu/4.8/../../../x86_64-linux-gnu -L/usr/lib/gcc/x86_64-linux-gnu/4.8/../../../../lib -L/lib/x86_64-linux-gnu -L/lib/../lib -L/usr/lib/x86_64-linux-gnu -L/usr/lib/../lib -L/usr/lib/gcc/x86_64-linux-gnu/4.8/../../.. CMakeFiles/cmTryCompileExec3804307025.dir/CMakeCXXCompilerABI.cpp.o -lstdc++ -lm -lgcc_s -lgcc -lc -lgcc_s -lgcc /usr/lib/gcc/x86_64-linux-gnu/4.8/crtend.o /usr/lib/gcc/x86_64-linux-gnu/4.8/../../../x86_64-linux-gnu/crtn.o]
    arg [/usr/lib/gcc/x86_64-linux-gnu/4.8/collect2] ==> ignore
    arg [--sysroot=/] ==> ignore
    arg [--build-id] ==> ignore
    arg [--eh-frame-hdr] ==> ignore
    arg [-m] ==> ignore
    arg [elf_x86_64] ==> ignore
    arg [--hash-style=gnu] ==> ignore
    arg [--as-needed] ==> ignore
    arg [-export-dynamic] ==> ignore
    arg [-dynamic-linker] ==> ignore
    arg [/lib64/ld-linux-x86-64.so.2] ==> ignore
    arg [-zrelro] ==> ignore
    arg [-o] ==> ignore
    arg [cmTryCompileExec3804307025] ==> ignore
    arg [/usr/lib/gcc/x86_64-linux-gnu/4.8/../../../x86_64-linux-gnu/crt1.o] ==> ignore
    arg [/usr/lib/gcc/x86_64-linux-gnu/4.8/../../../x86_64-linux-gnu/crti.o] ==> ignore
    arg [/usr/lib/gcc/x86_64-linux-gnu/4.8/crtbegin.o] ==> ignore
    arg [-L/usr/lib/gcc/x86_64-linux-gnu/4.8] ==> dir [/usr/lib/gcc/x86_64-linux-gnu/4.8]
    arg [-L/usr/lib/gcc/x86_64-linux-gnu/4.8/../../../x86_64-linux-gnu] ==> dir [/usr/lib/gcc/x86_64-linux-gnu/4.8/../../../x86_64-linux-gnu]
    arg [-L/usr/lib/gcc/x86_64-linux-gnu/4.8/../../../../lib] ==> dir [/usr/lib/gcc/x86_64-linux-gnu/4.8/../../../../lib]
    arg [-L/lib/x86_64-linux-gnu] ==> dir [/lib/x86_64-linux-gnu]
    arg [-L/lib/../lib] ==> dir [/lib/../lib]
    arg [-L/usr/lib/x86_64-linux-gnu] ==> dir [/usr/lib/x86_64-linux-gnu]
    arg [-L/usr/lib/../lib] ==> dir [/usr/lib/../lib]
    arg [-L/usr/lib/gcc/x86_64-linux-gnu/4.8/../../..] ==> dir [/usr/lib/gcc/x86_64-linux-gnu/4.8/../../..]
    arg [CMakeFiles/cmTryCompileExec3804307025.dir/CMakeCXXCompilerABI.cpp.o] ==> ignore
    arg [-lstdc++] ==> lib [stdc++]
    arg [-lm] ==> lib [m]
    arg [-lgcc_s] ==> lib [gcc_s]
    arg [-lgcc] ==> lib [gcc]
    arg [-lc] ==> lib [c]
    arg [-lgcc_s] ==> lib [gcc_s]
    arg [-lgcc] ==> lib [gcc]
    arg [/usr/lib/gcc/x86_64-linux-gnu/4.8/crtend.o] ==> ignore
    arg [/usr/lib/gcc/x86_64-linux-gnu/4.8/../../../x86_64-linux-gnu/crtn.o] ==> ignore
  remove lib [gcc_s]
  remove lib [gcc]
  remove lib [gcc_s]
  remove lib [gcc]
  collapse library dir [/usr/lib/gcc/x86_64-linux-gnu/4.8] ==> [/usr/lib/gcc/x86_64-linux-gnu/4.8]
  collapse library dir [/usr/lib/gcc/x86_64-linux-gnu/4.8/../../../x86_64-linux-gnu] ==> [/usr/lib/x86_64-linux-gnu]
  collapse library dir [/usr/lib/gcc/x86_64-linux-gnu/4.8/../../../../lib] ==> [/usr/lib]
  collapse library dir [/lib/x86_64-linux-gnu] ==> [/lib/x86_64-linux-gnu]
  collapse library dir [/lib/../lib] ==> [/lib]
  collapse library dir [/usr/lib/x86_64-linux-gnu] ==> [/usr/lib/x86_64-linux-gnu]
  collapse library dir [/usr/lib/../lib] ==> [/usr/lib]
  collapse library dir [/usr/lib/gcc/x86_64-linux-gnu/4.8/../../..] ==> [/usr/lib]
  implicit libs: [stdc++;m;c]
  implicit dirs: [/usr/lib/gcc/x86_64-linux-gnu/4.8;/usr/lib/x86_64-linux-gnu;/usr/lib;/lib/x86_64-linux-gnu;/lib]
  implicit fwks: []


Determining if the function dgemm_ exists passed with the following output:
Change Dir: /home/dnc/okvis/build/ceres/src/ceres_external-build/CMakeFiles/CMakeTmp

Run Build Command:/usr/bin/make "cmTryCompileExec3072186937/fast"
make[3]: 正在进入目录 `/home/dnc/okvis/build/ceres/src/ceres_external-build/CMakeFiles/CMakeTmp'
/usr/bin/make -f CMakeFiles/cmTryCompileExec3072186937.dir/build.make CMakeFiles/cmTryCompileExec3072186937.dir/build
make[4]: 正在进入目录 `/home/dnc/okvis/build/ceres/src/ceres_external-build/CMakeFiles/CMakeTmp'
/usr/bin/cmake -E cmake_progress_report /home/dnc/okvis/build/ceres/src/ceres_external-build/CMakeFiles/CMakeTmp/CMakeFiles 1
Building C object CMakeFiles/cmTryCompileExec3072186937.dir/CheckFunctionExists.c.o
/usr/bin/cc   -DCHECK_FUNCTION_EXISTS=dgemm_   -o CMakeFiles/cmTryCompileExec3072186937.dir/CheckFunctionExists.c.o   -c /usr/share/cmake-2.8/Modules/CheckFunctionExists.c
Linking C executable cmTryCompileExec3072186937
/usr/bin/cmake -E cmake_link_script CMakeFiles/cmTryCompileExec3072186937.dir/link.txt --verbose=1
/usr/bin/cc   -DCHECK_FUNCTION_EXISTS=dgemm_    CMakeFiles/cmTryCompileExec3072186937.dir/CheckFunctionExists.c.o  -o cmTryCompileExec3072186937 -rdynamic -lf77blas -latlas 
make[4]:正在离开目录 `/home/dnc/okvis/build/ceres/src/ceres_external-build/CMakeFiles/CMakeTmp'
make[3]:正在离开目录 `/home/dnc/okvis/build/ceres/src/ceres_external-build/CMakeFiles/CMakeTmp'


Determining if files pthread.h exist passed with the following output:
Change Dir: /home/dnc/okvis/build/ceres/src/ceres_external-build/CMakeFiles/CMakeTmp

Run Build Command:/usr/bin/make "cmTryCompileExec2752657527/fast"
make[3]: 正在进入目录 `/home/dnc/okvis/build/ceres/src/ceres_external-build/CMakeFiles/CMakeTmp'
/usr/bin/make -f CMakeFiles/cmTryCompileExec2752657527.dir/build.make CMakeFiles/cmTryCompileExec2752657527.dir/build
make[4]: 正在进入目录 `/home/dnc/okvis/build/ceres/src/ceres_external-build/CMakeFiles/CMakeTmp'
/usr/bin/cmake -E cmake_progress_report /home/dnc/okvis/build/ceres/src/ceres_external-build/CMakeFiles/CMakeTmp/CMakeFiles 1
Building C object CMakeFiles/cmTryCompileExec2752657527.dir/CheckIncludeFiles.c.o
/usr/bin/cc    -o CMakeFiles/cmTryCompileExec2752657527.dir/CheckIncludeFiles.c.o   -c /home/dnc/okvis/build/ceres/src/ceres_external-build/CMakeFiles/CMakeTmp/CheckIncludeFiles.c
Linking C executable cmTryCompileExec2752657527
/usr/bin/cmake -E cmake_link_script CMakeFiles/cmTryCompileExec2752657527.dir/link.txt --verbose=1
/usr/bin/cc       CMakeFiles/cmTryCompileExec2752657527.dir/CheckIncludeFiles.c.o  -o cmTryCompileExec2752657527 -rdynamic 
make[4]:正在离开目录 `/home/dnc/okvis/build/ceres/src/ceres_external-build/CMakeFiles/CMakeTmp'
make[3]:正在离开目录 `/home/dnc/okvis/build/ceres/src/ceres_external-build/CMakeFiles/CMakeTmp'


Determining if the function pthread_create exists in the pthread passed with the following output:
Change Dir: /home/dnc/okvis/build/ceres/src/ceres_external-build/CMakeFiles/CMakeTmp

Run Build Command:/usr/bin/make "cmTryCompileExec3771904187/fast"
make[3]: 正在进入目录 `/home/dnc/okvis/build/ceres/src/ceres_external-build/CMakeFiles/CMakeTmp'
/usr/bin/make -f CMakeFiles/cmTryCompileExec3771904187.dir/build.make CMakeFiles/cmTryCompileExec3771904187.dir/build
make[4]: 正在进入目录 `/home/dnc/okvis/build/ceres/src/ceres_external-build/CMakeFiles/CMakeTmp'
/usr/bin/cmake -E cmake_progress_report /home/dnc/okvis/build/ceres/src/ceres_external-build/CMakeFiles/CMakeTmp/CMakeFiles 1
Building C object CMakeFiles/cmTryCompileExec3771904187.dir/CheckFunctionExists.c.o
/usr/bin/cc   -DCHECK_FUNCTION_EXISTS=pthread_create   -o CMakeFiles/cmTryCompileExec3771904187.dir/CheckFunctionExists.c.o   -c /usr/share/cmake-2.8/Modules/CheckFunctionExists.c
Linking C executable cmTryCompileExec3771904187
/usr/bin/cmake -E cmake_link_script CMakeFiles/cmTryCompileExec3771904187.dir/link.txt --verbose=1
/usr/bin/cc   -DCHECK_FUNCTION_EXISTS=pthread_create    CMakeFiles/cmTryCompileExec3771904187.dir/CheckFunctionExists.c.o  -o cmTryCompileExec3771904187 -rdynamic -lpthread 
make[4]:正在离开目录 `/home/dnc/okvis/build/ceres/src/ceres_external-build/CMakeFiles/CMakeTmp'
make[3]:正在离开目录 `/home/dnc/okvis/build/ceres/src/ceres_external-build/CMakeFiles/CMakeTmp'


Determining if the function cheev_ exists passed with the following output:
Change Dir: /home/dnc/okvis/build/ceres/src/ceres_external-build/CMakeFiles/CMakeTmp

Run Build Command:/usr/bin/make "cmTryCompileExec2727281999/fast"
make[3]: 正在进入目录 `/home/dnc/okvis/build/ceres/src/ceres_external-build/CMakeFiles/CMakeTmp'
/usr/bin/make -f CMakeFiles/cmTryCompileExec2727281999.dir/build.make CMakeFiles/cmTryCompileExec2727281999.dir/build
make[4]: 正在进入目录 `/home/dnc/okvis/build/ceres/src/ceres_external-build/CMakeFiles/CMakeTmp'
/usr/bin/cmake -E cmake_progress_report /home/dnc/okvis/build/ceres/src/ceres_external-build/CMakeFiles/CMakeTmp/CMakeFiles 1
Building C object CMakeFiles/cmTryCompileExec2727281999.dir/CheckFunctionExists.c.o
/usr/bin/cc   -DCHECK_FUNCTION_EXISTS=cheev_   -o CMakeFiles/cmTryCompileExec2727281999.dir/CheckFunctionExists.c.o   -c /usr/share/cmake-2.8/Modules/CheckFunctionExists.c
Linking C executable cmTryCompileExec2727281999
/usr/bin/cmake -E cmake_link_script CMakeFiles/cmTryCompileExec2727281999.dir/link.txt --verbose=1
/usr/bin/cc   -DCHECK_FUNCTION_EXISTS=cheev_    CMakeFiles/cmTryCompileExec2727281999.dir/CheckFunctionExists.c.o  -o cmTryCompileExec2727281999 -rdynamic -llapack -lf77blas -latlas 
make[4]:正在离开目录 `/home/dnc/okvis/build/ceres/src/ceres_external-build/CMakeFiles/CMakeTmp'
make[3]:正在离开目录 `/home/dnc/okvis/build/ceres/src/ceres_external-build/CMakeFiles/CMakeTmp'


Performing C SOURCE FILE Test OpenMP_FLAG_DETECTED succeded with the following output:
Change Dir: /home/dnc/okvis/build/ceres/src/ceres_external-build/CMakeFiles/CMakeTmp

Run Build Command:/usr/bin/make "cmTryCompileExec3771747524/fast"
make[3]: 正在进入目录 `/home/dnc/okvis/build/ceres/src/ceres_external-build/CMakeFiles/CMakeTmp'
/usr/bin/make -f CMakeFiles/cmTryCompileExec3771747524.dir/build.make CMakeFiles/cmTryCompileExec3771747524.dir/build
make[4]: 正在进入目录 `/home/dnc/okvis/build/ceres/src/ceres_external-build/CMakeFiles/CMakeTmp'
/usr/bin/cmake -E cmake_progress_report /home/dnc/okvis/build/ceres/src/ceres_external-build/CMakeFiles/CMakeTmp/CMakeFiles 1
Building C object CMakeFiles/cmTryCompileExec3771747524.dir/src.c.o
/usr/bin/cc   -DOpenMP_FLAG_DETECTED -fopenmp   -o CMakeFiles/cmTryCompileExec3771747524.dir/src.c.o   -c /home/dnc/okvis/build/ceres/src/ceres_external-build/CMakeFiles/CMakeTmp/src.c
Linking C executable cmTryCompileExec3771747524
/usr/bin/cmake -E cmake_link_script CMakeFiles/cmTryCompileExec3771747524.dir/link.txt --verbose=1
/usr/bin/cc   -DOpenMP_FLAG_DETECTED -fopenmp    CMakeFiles/cmTryCompileExec3771747524.dir/src.c.o  -o cmTryCompileExec3771747524 -rdynamic 
make[4]:正在离开目录 `/home/dnc/okvis/build/ceres/src/ceres_external-build/CMakeFiles/CMakeTmp'
make[3]:正在离开目录 `/home/dnc/okvis/build/ceres/src/ceres_external-build/CMakeFiles/CMakeTmp'

Source file was:

#include <omp.h>
int main() {
#ifdef _OPENMP
  return 0;
#else
  breaks_on_purpose
#endif
}

Performing C++ SOURCE FILE Test OpenMP_FLAG_DETECTED succeded with the following output:
Change Dir: /home/dnc/okvis/build/ceres/src/ceres_external-build/CMakeFiles/CMakeTmp

Run Build Command:/usr/bin/make "cmTryCompileExec808057925/fast"
make[3]: 正在进入目录 `/home/dnc/okvis/build/ceres/src/ceres_external-build/CMakeFiles/CMakeTmp'
/usr/bin/make -f CMakeFiles/cmTryCompileExec808057925.dir/build.make CMakeFiles/cmTryCompileExec808057925.dir/build
make[4]: 正在进入目录 `/home/dnc/okvis/build/ceres/src/ceres_external-build/CMakeFiles/CMakeTmp'
/usr/bin/cmake -E cmake_progress_report /home/dnc/okvis/build/ceres/src/ceres_external-build/CMakeFiles/CMakeTmp/CMakeFiles 1
Building CXX object CMakeFiles/cmTryCompileExec808057925.dir/src.cxx.o
/usr/bin/c++    -march=native -Wall -std=c++11 -fPIC -mssse3 -DOpenMP_FLAG_DETECTED -fopenmp   -o CMakeFiles/cmTryCompileExec808057925.dir/src.cxx.o -c /home/dnc/okvis/build/ceres/src/ceres_external-build/CMakeFiles/CMakeTmp/src.cxx
Linking CXX executable cmTryCompileExec808057925
/usr/bin/cmake -E cmake_link_script CMakeFiles/cmTryCompileExec808057925.dir/link.txt --verbose=1
/usr/bin/c++    -march=native -Wall -std=c++11 -fPIC -mssse3 -DOpenMP_FLAG_DETECTED -fopenmp    CMakeFiles/cmTryCompileExec808057925.dir/src.cxx.o  -o cmTryCompileExec808057925 -rdynamic 
make[4]:正在离开目录 `/home/dnc/okvis/build/ceres/src/ceres_external-build/CMakeFiles/CMakeTmp'
make[3]:正在离开目录 `/home/dnc/okvis/build/ceres/src/ceres_external-build/CMakeFiles/CMakeTmp'

Source file was:

#include <omp.h>
int main() {
#ifdef _OPENMP
  return 0;
#else
  breaks_on_purpose
#endif
}

Determining if the include file unordered_map exists passed with the following output:
Change Dir: /home/dnc/okvis/build/ceres/src/ceres_external-build/CMakeFiles/CMakeTmp

Run Build Command:/usr/bin/make "cmTryCompileExec989028513/fast"
make[3]: 正在进入目录 `/home/dnc/okvis/build/ceres/src/ceres_external-build/CMakeFiles/CMakeTmp'
/usr/bin/make -f CMakeFiles/cmTryCompileExec989028513.dir/build.make CMakeFiles/cmTryCompileExec989028513.dir/build
make[4]: 正在进入目录 `/home/dnc/okvis/build/ceres/src/ceres_external-build/CMakeFiles/CMakeTmp'
/usr/bin/cmake -E cmake_progress_report /home/dnc/okvis/build/ceres/src/ceres_external-build/CMakeFiles/CMakeTmp/CMakeFiles 1
Building CXX object CMakeFiles/cmTryCompileExec989028513.dir/CheckIncludeFile.cxx.o
/usr/bin/c++    -march=native -Wall -std=c++11 -fPIC -mssse3 -fopenmp    -o CMakeFiles/cmTryCompileExec989028513.dir/CheckIncludeFile.cxx.o -c /home/dnc/okvis/build/ceres/src/ceres_external-build/CMakeFiles/CMakeTmp/CheckIncludeFile.cxx
Linking CXX executable cmTryCompileExec989028513
/usr/bin/cmake -E cmake_link_script CMakeFiles/cmTryCompileExec989028513.dir/link.txt --verbose=1
/usr/bin/c++    -march=native -Wall -std=c++11 -fPIC -mssse3 -fopenmp     CMakeFiles/cmTryCompileExec989028513.dir/CheckIncludeFile.cxx.o  -o cmTryCompileExec989028513 -rdynamic 
make[4]:正在离开目录 `/home/dnc/okvis/build/ceres/src/ceres_external-build/CMakeFiles/CMakeTmp'
make[3]:正在离开目录 `/home/dnc/okvis/build/ceres/src/ceres_external-build/CMakeFiles/CMakeTmp'


Performing C++ SOURCE FILE Test HAVE_UNORDERED_MAP_IN_STD_NAMESPACE succeded with the following output:
Change Dir: /home/dnc/okvis/build/ceres/src/ceres_external-build/CMakeFiles/CMakeTmp

Run Build Command:/usr/bin/make "cmTryCompileExec3556240085/fast"
make[3]: 正在进入目录 `/home/dnc/okvis/build/ceres/src/ceres_external-build/CMakeFiles/CMakeTmp'
/usr/bin/make -f CMakeFiles/cmTryCompileExec3556240085.dir/build.make CMakeFiles/cmTryCompileExec3556240085.dir/build
make[4]: 正在进入目录 `/home/dnc/okvis/build/ceres/src/ceres_external-build/CMakeFiles/CMakeTmp'
/usr/bin/cmake -E cmake_progress_report /home/dnc/okvis/build/ceres/src/ceres_external-build/CMakeFiles/CMakeTmp/CMakeFiles 1
Building CXX object CMakeFiles/cmTryCompileExec3556240085.dir/src.cxx.o
/usr/bin/c++    -march=native -Wall -std=c++11 -fPIC -mssse3 -fopenmp -DHAVE_UNORDERED_MAP_IN_STD_NAMESPACE   -o CMakeFiles/cmTryCompileExec3556240085.dir/src.cxx.o -c /home/dnc/okvis/build/ceres/src/ceres_external-build/CMakeFiles/CMakeTmp/src.cxx
Linking CXX executable cmTryCompileExec3556240085
/usr/bin/cmake -E cmake_link_script CMakeFiles/cmTryCompileExec3556240085.dir/link.txt --verbose=1
/usr/bin/c++    -march=native -Wall -std=c++11 -fPIC -mssse3 -fopenmp -DHAVE_UNORDERED_MAP_IN_STD_NAMESPACE    CMakeFiles/cmTryCompileExec3556240085.dir/src.cxx.o  -o cmTryCompileExec3556240085 -rdynamic 
make[4]:正在离开目录 `/home/dnc/okvis/build/ceres/src/ceres_external-build/CMakeFiles/CMakeTmp'
make[3]:正在离开目录 `/home/dnc/okvis/build/ceres/src/ceres_external-build/CMakeFiles/CMakeTmp'

Source file was:
#include <unordered_map>
                             int main() {
                               std::unordered_map<int, int> map;
                               return 0;
                             }
Determining if the include file memory exists passed with the following output:
Change Dir: /home/dnc/okvis/build/ceres/src/ceres_external-build/CMakeFiles/CMakeTmp

Run Build Command:/usr/bin/make "cmTryCompileExec2126684173/fast"
make[3]: 正在进入目录 `/home/dnc/okvis/build/ceres/src/ceres_external-build/CMakeFiles/CMakeTmp'
/usr/bin/make -f CMakeFiles/cmTryCompileExec2126684173.dir/build.make CMakeFiles/cmTryCompileExec2126684173.dir/build
make[4]: 正在进入目录 `/home/dnc/okvis/build/ceres/src/ceres_external-build/CMakeFiles/CMakeTmp'
/usr/bin/cmake -E cmake_progress_report /home/dnc/okvis/build/ceres/src/ceres_external-build/CMakeFiles/CMakeTmp/CMakeFiles 1
Building CXX object CMakeFiles/cmTryCompileExec2126684173.dir/CheckIncludeFile.cxx.o
/usr/bin/c++    -march=native -Wall -std=c++11 -fPIC -mssse3 -fopenmp    -o CMakeFiles/cmTryCompileExec2126684173.dir/CheckIncludeFile.cxx.o -c /home/dnc/okvis/build/ceres/src/ceres_external-build/CMakeFiles/CMakeTmp/CheckIncludeFile.cxx
Linking CXX executable cmTryCompileExec2126684173
/usr/bin/cmake -E cmake_link_script CMakeFiles/cmTryCompileExec2126684173.dir/link.txt --verbose=1
/usr/bin/c++    -march=native -Wall -std=c++11 -fPIC -mssse3 -fopenmp     CMakeFiles/cmTryCompileExec2126684173.dir/CheckIncludeFile.cxx.o  -o cmTryCompileExec2126684173 -rdynamic 
make[4]:正在离开目录 `/home/dnc/okvis/build/ceres/src/ceres_external-build/CMakeFiles/CMakeTmp'
make[3]:正在离开目录 `/home/dnc/okvis/build/ceres/src/ceres_external-build/CMakeFiles/CMakeTmp'


Performing C++ SOURCE FILE Test HAVE_SHARED_PTR_IN_STD_NAMESPACE succeded with the following output:
Change Dir: /home/dnc/okvis/build/ceres/src/ceres_external-build/CMakeFiles/CMakeTmp

Run Build Command:/usr/bin/make "cmTryCompileExec2822707598/fast"
make[3]: 正在进入目录 `/home/dnc/okvis/build/ceres/src/ceres_external-build/CMakeFiles/CMakeTmp'
/usr/bin/make -f CMakeFiles/cmTryCompileExec2822707598.dir/build.make CMakeFiles/cmTryCompileExec2822707598.dir/build
make[4]: 正在进入目录 `/home/dnc/okvis/build/ceres/src/ceres_external-build/CMakeFiles/CMakeTmp'
/usr/bin/cmake -E cmake_progress_report /home/dnc/okvis/build/ceres/src/ceres_external-build/CMakeFiles/CMakeTmp/CMakeFiles 1
Building CXX object CMakeFiles/cmTryCompileExec2822707598.dir/src.cxx.o
/usr/bin/c++    -march=native -Wall -std=c++11 -fPIC -mssse3 -fopenmp -DHAVE_SHARED_PTR_IN_STD_NAMESPACE   -o CMakeFiles/cmTryCompileExec2822707598.dir/src.cxx.o -c /home/dnc/okvis/build/ceres/src/ceres_external-build/CMakeFiles/CMakeTmp/src.cxx
Linking CXX executable cmTryCompileExec2822707598
/usr/bin/cmake -E cmake_link_script CMakeFiles/cmTryCompileExec2822707598.dir/link.txt --verbose=1
/usr/bin/c++    -march=native -Wall -std=c++11 -fPIC -mssse3 -fopenmp -DHAVE_SHARED_PTR_IN_STD_NAMESPACE    CMakeFiles/cmTryCompileExec2822707598.dir/src.cxx.o  -o cmTryCompileExec2822707598 -rdynamic 
make[4]:正在离开目录 `/home/dnc/okvis/build/ceres/src/ceres_external-build/CMakeFiles/CMakeTmp'
make[3]:正在离开目录 `/home/dnc/okvis/build/ceres/src/ceres_external-build/CMakeFiles/CMakeTmp'

Source file was:
#include <memory>
                               int main() {
                                 std::shared_ptr<int> int_ptr;
                                 return 0;
                               }
